===================
test5: NO LEAKS
Valgrind output: 
==8553== Memcheck, a memory error detector
==8553== Copyright (C) 2002-2022, and GNU GPL'd, by Julian Seward et al.
==8553== Using Valgrind-3.22.0 and LibVEX; rerun with -h for copyright info
==8553== Command: /home/112401035/cs2013_112401035/lab09/src/5/5
==8553== 
22680
==8553== 
==8553== HEAP SUMMARY:
==8553==     in use at exit: 0 bytes in 0 blocks
==8553==   total heap usage: 23 allocs, 23 frees, 16,800 bytes allocated
==8553== 
==8553== All heap blocks were freed -- no leaks are possible
==8553== 
==8553== For lists of detected and suppressed errors, rerun with: -s
==8553== ERROR SUMMARY: 0 errors from 0 contexts (suppressed: 0 from 0)
===================

===================
test2: NO LEAKS
Valgrind output: 
==8558== Memcheck, a memory error detector
==8558== Copyright (C) 2002-2022, and GNU GPL'd, by Julian Seward et al.
==8558== Using Valgrind-3.22.0 and LibVEX; rerun with -h for copyright info
==8558== Command: /home/112401035/cs2013_112401035/lab09/src/5/5
==8558== 
60060
==8558== 
==8558== HEAP SUMMARY:
==8558==     in use at exit: 0 bytes in 0 blocks
==8558==   total heap usage: 15 allocs, 15 frees, 16,588 bytes allocated
==8558== 
==8558== All heap blocks were freed -- no leaks are possible
==8558== 
==8558== For lists of detected and suppressed errors, rerun with: -s
==8558== ERROR SUMMARY: 0 errors from 0 contexts (suppressed: 0 from 0)
===================

===================
test1: NO LEAKS
Valgrind output: 
==8563== Memcheck, a memory error detector
==8563== Copyright (C) 2002-2022, and GNU GPL'd, by Julian Seward et al.
==8563== Using Valgrind-3.22.0 and LibVEX; rerun with -h for copyright info
==8563== Command: /home/112401035/cs2013_112401035/lab09/src/5/5
==8563== 
65520
==8563== 
==8563== HEAP SUMMARY:
==8563==     in use at exit: 0 bytes in 0 blocks
==8563==   total heap usage: 15 allocs, 15 frees, 16,588 bytes allocated
==8563== 
==8563== All heap blocks were freed -- no leaks are possible
==8563== 
==8563== For lists of detected and suppressed errors, rerun with: -s
==8563== ERROR SUMMARY: 0 errors from 0 contexts (suppressed: 0 from 0)
===================

===================
test4: NO LEAKS
Valgrind output: 
==8568== Memcheck, a memory error detector
==8568== Copyright (C) 2002-2022, and GNU GPL'd, by Julian Seward et al.
==8568== Using Valgrind-3.22.0 and LibVEX; rerun with -h for copyright info
==8568== Command: /home/112401035/cs2013_112401035/lab09/src/5/5
==8568== 
60900
==8568== 
==8568== HEAP SUMMARY:
==8568==     in use at exit: 0 bytes in 0 blocks
==8568==   total heap usage: 23 allocs, 23 frees, 16,800 bytes allocated
==8568== 
==8568== All heap blocks were freed -- no leaks are possible
==8568== 
==8568== For lists of detected and suppressed errors, rerun with: -s
==8568== ERROR SUMMARY: 0 errors from 0 contexts (suppressed: 0 from 0)
===================

===================
test3: NO LEAKS
Valgrind output: 
==8573== Memcheck, a memory error detector
==8573== Copyright (C) 2002-2022, and GNU GPL'd, by Julian Seward et al.
==8573== Using Valgrind-3.22.0 and LibVEX; rerun with -h for copyright info
==8573== Command: /home/112401035/cs2013_112401035/lab09/src/5/5
==8573== 
0
==8573== 
==8573== HEAP SUMMARY:
==8573==     in use at exit: 0 bytes in 0 blocks
==8573==   total heap usage: 15 allocs, 15 frees, 16,588 bytes allocated
==8573== 
==8573== All heap blocks were freed -- no leaks are possible
==8573== 
==8573== For lists of detected and suppressed errors, rerun with: -s
==8573== ERROR SUMMARY: 0 errors from 0 contexts (suppressed: 0 from 0)
===================

++++++++++++++++++++++
TESTS_SHOWING_LEAK: 5
TESTS_WITH_NO_LEAK: 0
++++++++++++++++++++++

