===================
test2: NO LEAKS
Valgrind output: 
==5006== Memcheck, a memory error detector
==5006== Copyright (C) 2002-2022, and GNU GPL'd, by Julian Seward et al.
==5006== Using Valgrind-3.22.0 and LibVEX; rerun with -h for copyright info
==5006== Command: /home/112401035/cs2013_112401035/labe2/src/2/2
==5006== 
==5006== Invalid write of size 1
==5006==    at 0x4EC2852: _IO_vfscanf (in /usr/lib64/libc-2.28.so)
==5006==    by 0x4ECFABB: __isoc99_scanf (in /usr/lib64/libc-2.28.so)
==5006==    by 0x40080A: main (in /home/112401035/cs2013_112401035/labe2/src/2/2)
==5006==  Address 0x522508d is 0 bytes after a block of size 13 alloc'd
==5006==    at 0x4C39185: malloc (vg_replace_malloc.c:442)
==5006==    by 0x4007E8: main (in /home/112401035/cs2013_112401035/labe2/src/2/2)
==5006== 
==5006== Invalid read of size 1
==5006==    at 0x400718: encryption (in /home/112401035/cs2013_112401035/labe2/src/2/2)
==5006==    by 0x400823: main (in /home/112401035/cs2013_112401035/labe2/src/2/2)
==5006==  Address 0x522508d is 0 bytes after a block of size 13 alloc'd
==5006==    at 0x4C39185: malloc (vg_replace_malloc.c:442)
==5006==    by 0x4007E8: main (in /home/112401035/cs2013_112401035/labe2/src/2/2)
==5006== 
==5006== Invalid read of size 1
==5006==    at 0x4C421F4: strlen (vg_replace_strmem.c:502)
==5006==    by 0x4EB435C: vfprintf (in /usr/lib64/libc-2.28.so)
==5006==    by 0x4EBAA19: printf (in /usr/lib64/libc-2.28.so)
==5006==    by 0x400854: main (in /home/112401035/cs2013_112401035/labe2/src/2/2)
==5006==  Address 0x522508d is 0 bytes after a block of size 13 alloc'd
==5006==    at 0x4C39185: malloc (vg_replace_malloc.c:442)
==5006==    by 0x4007E8: main (in /home/112401035/cs2013_112401035/labe2/src/2/2)
==5006== 
nvujoz_Csvuvt==5006== 
==5006== HEAP SUMMARY:
==5006==     in use at exit: 0 bytes in 0 blocks
==5006==   total heap usage: 3 allocs, 3 frees, 16,397 bytes allocated
==5006== 
==5006== All heap blocks were freed -- no leaks are possible
==5006== 
==5006== For lists of detected and suppressed errors, rerun with: -s
==5006== ERROR SUMMARY: 3 errors from 3 contexts (suppressed: 0 from 0)
===================

===================
test1: NO LEAKS
Valgrind output: 
==5011== Memcheck, a memory error detector
==5011== Copyright (C) 2002-2022, and GNU GPL'd, by Julian Seward et al.
==5011== Using Valgrind-3.22.0 and LibVEX; rerun with -h for copyright info
==5011== Command: /home/112401035/cs2013_112401035/labe2/src/2/2
==5011== 
==5011== Invalid write of size 1
==5011==    at 0x4EC26BC: _IO_vfscanf (in /usr/lib64/libc-2.28.so)
==5011==    by 0x4ECFABB: __isoc99_scanf (in /usr/lib64/libc-2.28.so)
==5011==    by 0x40080A: main (in /home/112401035/cs2013_112401035/labe2/src/2/2)
==5011==  Address 0x5225087 is 0 bytes after a block of size 7 alloc'd
==5011==    at 0x4C39185: malloc (vg_replace_malloc.c:442)
==5011==    by 0x4007E8: main (in /home/112401035/cs2013_112401035/labe2/src/2/2)
==5011== 
==5011== Invalid write of size 1
==5011==    at 0x4EC2852: _IO_vfscanf (in /usr/lib64/libc-2.28.so)
==5011==    by 0x4ECFABB: __isoc99_scanf (in /usr/lib64/libc-2.28.so)
==5011==    by 0x40080A: main (in /home/112401035/cs2013_112401035/labe2/src/2/2)
==5011==  Address 0x5225089 is 2 bytes after a block of size 7 alloc'd
==5011==    at 0x4C39185: malloc (vg_replace_malloc.c:442)
==5011==    by 0x4007E8: main (in /home/112401035/cs2013_112401035/labe2/src/2/2)
==5011== 
==5011== Invalid read of size 1
==5011==    at 0x400718: encryption (in /home/112401035/cs2013_112401035/labe2/src/2/2)
==5011==    by 0x400823: main (in /home/112401035/cs2013_112401035/labe2/src/2/2)
==5011==  Address 0x5225087 is 0 bytes after a block of size 7 alloc'd
==5011==    at 0x4C39185: malloc (vg_replace_malloc.c:442)
==5011==    by 0x4007E8: main (in /home/112401035/cs2013_112401035/labe2/src/2/2)
==5011== 
==5011== Invalid read of size 1
==5011==    at 0x40069F: encryption (in /home/112401035/cs2013_112401035/labe2/src/2/2)
==5011==    by 0x400823: main (in /home/112401035/cs2013_112401035/labe2/src/2/2)
==5011==  Address 0x5225087 is 0 bytes after a block of size 7 alloc'd
==5011==    at 0x4C39185: malloc (vg_replace_malloc.c:442)
==5011==    by 0x4007E8: main (in /home/112401035/cs2013_112401035/labe2/src/2/2)
==5011== 
==5011== Invalid write of size 1
==5011==    at 0x40070D: encryption (in /home/112401035/cs2013_112401035/labe2/src/2/2)
==5011==    by 0x400823: main (in /home/112401035/cs2013_112401035/labe2/src/2/2)
==5011==  Address 0x5225087 is 0 bytes after a block of size 7 alloc'd
==5011==    at 0x4C39185: malloc (vg_replace_malloc.c:442)
==5011==    by 0x4007E8: main (in /home/112401035/cs2013_112401035/labe2/src/2/2)
==5011== 
==5011== Invalid read of size 1
==5011==    at 0x4C421F4: strlen (vg_replace_strmem.c:502)
==5011==    by 0x4EB435C: vfprintf (in /usr/lib64/libc-2.28.so)
==5011==    by 0x4EBAA19: printf (in /usr/lib64/libc-2.28.so)
==5011==    by 0x400854: main (in /home/112401035/cs2013_112401035/labe2/src/2/2)
==5011==  Address 0x5225087 is 0 bytes after a block of size 7 alloc'd
==5011==    at 0x4C39185: malloc (vg_replace_malloc.c:442)
==5011==    by 0x4007E8: main (in /home/112401035/cs2013_112401035/labe2/src/2/2)
==5011== 
==5011== Invalid read of size 1
==5011==    at 0x4EDFA80: _IO_default_xsputn (in /usr/lib64/libc-2.28.so)
==5011==    by 0x4EDDD00: _IO_file_xsputn@@GLIBC_2.2.5 (in /usr/lib64/libc-2.28.so)
==5011==    by 0x4EB40DE: vfprintf (in /usr/lib64/libc-2.28.so)
==5011==    by 0x4EBAA19: printf (in /usr/lib64/libc-2.28.so)
==5011==    by 0x400854: main (in /home/112401035/cs2013_112401035/labe2/src/2/2)
==5011==  Address 0x5225087 is 0 bytes after a block of size 7 alloc'd
==5011==    at 0x4C39185: malloc (vg_replace_malloc.c:442)
==5011==    by 0x4007E8: main (in /home/112401035/cs2013_112401035/labe2/src/2/2)
==5011== 
==5011== Invalid read of size 1
==5011==    at 0x4EDFA8F: _IO_default_xsputn (in /usr/lib64/libc-2.28.so)
==5011==    by 0x4EDDD00: _IO_file_xsputn@@GLIBC_2.2.5 (in /usr/lib64/libc-2.28.so)
==5011==    by 0x4EB40DE: vfprintf (in /usr/lib64/libc-2.28.so)
==5011==    by 0x4EBAA19: printf (in /usr/lib64/libc-2.28.so)
==5011==    by 0x400854: main (in /home/112401035/cs2013_112401035/labe2/src/2/2)
==5011==  Address 0x5225088 is 1 bytes after a block of size 7 alloc'd
==5011==    at 0x4C39185: malloc (vg_replace_malloc.c:442)
==5011==    by 0x4007E8: main (in /home/112401035/cs2013_112401035/labe2/src/2/2)
==5011== 
JrogFrlqv==5011== 
==5011== HEAP SUMMARY:
==5011==     in use at exit: 0 bytes in 0 blocks
==5011==   total heap usage: 3 allocs, 3 frees, 16,391 bytes allocated
==5011== 
==5011== All heap blocks were freed -- no leaks are possible
==5011== 
==5011== For lists of detected and suppressed errors, rerun with: -s
==5011== ERROR SUMMARY: 15 errors from 8 contexts (suppressed: 0 from 0)
===================

===================
test3: NO LEAKS
Valgrind output: 
==5016== Memcheck, a memory error detector
==5016== Copyright (C) 2002-2022, and GNU GPL'd, by Julian Seward et al.
==5016== Using Valgrind-3.22.0 and LibVEX; rerun with -h for copyright info
==5016== Command: /home/112401035/cs2013_112401035/labe2/src/2/2
==5016== 
==5016== Invalid write of size 1
==5016==    at 0x4EC2852: _IO_vfscanf (in /usr/lib64/libc-2.28.so)
==5016==    by 0x4ECFABB: __isoc99_scanf (in /usr/lib64/libc-2.28.so)
==5016==    by 0x40080A: main (in /home/112401035/cs2013_112401035/labe2/src/2/2)
==5016==  Address 0x522509d is 0 bytes after a block of size 29 alloc'd
==5016==    at 0x4C39185: malloc (vg_replace_malloc.c:442)
==5016==    by 0x4007E8: main (in /home/112401035/cs2013_112401035/labe2/src/2/2)
==5016== 
==5016== Invalid read of size 1
==5016==    at 0x4007B4: decryption (in /home/112401035/cs2013_112401035/labe2/src/2/2)
==5016==    by 0x40083E: main (in /home/112401035/cs2013_112401035/labe2/src/2/2)
==5016==  Address 0x522509d is 0 bytes after a block of size 29 alloc'd
==5016==    at 0x4C39185: malloc (vg_replace_malloc.c:442)
==5016==    by 0x4007E8: main (in /home/112401035/cs2013_112401035/labe2/src/2/2)
==5016== 
==5016== Invalid read of size 1
==5016==    at 0x4C421F4: strlen (vg_replace_strmem.c:502)
==5016==    by 0x4EB435C: vfprintf (in /usr/lib64/libc-2.28.so)
==5016==    by 0x4EBAA19: printf (in /usr/lib64/libc-2.28.so)
==5016==    by 0x400854: main (in /home/112401035/cs2013_112401035/labe2/src/2/2)
==5016==  Address 0x522509d is 0 bytes after a block of size 29 alloc'd
==5016==    at 0x4C39185: malloc (vg_replace_malloc.c:442)
==5016==    by 0x4007E8: main (in /home/112401035/cs2013_112401035/labe2/src/2/2)
==5016== 
et_you_brute_then_fall_caesar==5016== 
==5016== HEAP SUMMARY:
==5016==     in use at exit: 0 bytes in 0 blocks
==5016==   total heap usage: 3 allocs, 3 frees, 16,413 bytes allocated
==5016== 
==5016== All heap blocks were freed -- no leaks are possible
==5016== 
==5016== For lists of detected and suppressed errors, rerun with: -s
==5016== ERROR SUMMARY: 3 errors from 3 contexts (suppressed: 0 from 0)
===================

++++++++++++++++++++++
TESTS_WITH_NO_LEAK: 3
TESTS_SHOWING_LEAK: 0
++++++++++++++++++++++

