===================
test19: NO LEAKS
Valgrind output: 
==14695== Memcheck, a memory error detector
==14695== Copyright (C) 2002-2022, and GNU GPL'd, by Julian Seward et al.
==14695== Using Valgrind-3.22.0 and LibVEX; rerun with -h for copyright info
==14695== Command: /home/112401035/cs2013_112401035/lab10/src/1/1
==14695== 
75 50 100 
Deleted
True
100 75 
==14695== 
==14695== HEAP SUMMARY:
==14695==     in use at exit: 0 bytes in 0 blocks
==14695==   total heap usage: 5 allocs, 5 frees, 16,432 bytes allocated
==14695== 
==14695== All heap blocks were freed -- no leaks are possible
==14695== 
==14695== For lists of detected and suppressed errors, rerun with: -s
==14695== ERROR SUMMARY: 0 errors from 0 contexts (suppressed: 0 from 0)
===================

===================
test18: NO LEAKS
Valgrind output: 
==14700== Memcheck, a memory error detector
==14700== Copyright (C) 2002-2022, and GNU GPL'd, by Julian Seward et al.
==14700== Using Valgrind-3.22.0 and LibVEX; rerun with -h for copyright info
==14700== Command: /home/112401035/cs2013_112401035/lab10/src/1/1
==14700== 
True
5 15 25 
Deleted
15 25 
==14700== 
==14700== HEAP SUMMARY:
==14700==     in use at exit: 0 bytes in 0 blocks
==14700==   total heap usage: 5 allocs, 5 frees, 16,432 bytes allocated
==14700== 
==14700== All heap blocks were freed -- no leaks are possible
==14700== 
==14700== For lists of detected and suppressed errors, rerun with: -s
==14700== ERROR SUMMARY: 0 errors from 0 contexts (suppressed: 0 from 0)
===================

===================
test12: NO LEAKS
Valgrind output: 
==14705== Memcheck, a memory error detector
==14705== Copyright (C) 2002-2022, and GNU GPL'd, by Julian Seward et al.
==14705== Using Valgrind-3.22.0 and LibVEX; rerun with -h for copyright info
==14705== Command: /home/112401035/cs2013_112401035/lab10/src/1/1
==14705== 
33 22 11 
True
False
Deleted
33 22 
22 33 
==14705== 
==14705== HEAP SUMMARY:
==14705==     in use at exit: 0 bytes in 0 blocks
==14705==   total heap usage: 5 allocs, 5 frees, 16,432 bytes allocated
==14705== 
==14705== All heap blocks were freed -- no leaks are possible
==14705== 
==14705== For lists of detected and suppressed errors, rerun with: -s
==14705== ERROR SUMMARY: 0 errors from 0 contexts (suppressed: 0 from 0)
===================

===================
test5: NO LEAKS
Valgrind output: 
==14710== Memcheck, a memory error detector
==14710== Copyright (C) 2002-2022, and GNU GPL'd, by Julian Seward et al.
==14710== Using Valgrind-3.22.0 and LibVEX; rerun with -h for copyright info
==14710== Command: /home/112401035/cs2013_112401035/lab10/src/1/1
==14710== 
True
Deleted
21 19 14 
==14710== 
==14710== HEAP SUMMARY:
==14710==     in use at exit: 0 bytes in 0 blocks
==14710==   total heap usage: 6 allocs, 6 frees, 16,448 bytes allocated
==14710== 
==14710== All heap blocks were freed -- no leaks are possible
==14710== 
==14710== For lists of detected and suppressed errors, rerun with: -s
==14710== ERROR SUMMARY: 0 errors from 0 contexts (suppressed: 0 from 0)
===================

===================
test9: NO LEAKS
Valgrind output: 
==14715== Memcheck, a memory error detector
==14715== Copyright (C) 2002-2022, and GNU GPL'd, by Julian Seward et al.
==14715== Using Valgrind-3.22.0 and LibVEX; rerun with -h for copyright info
==14715== Command: /home/112401035/cs2013_112401035/lab10/src/1/1
==14715== 
True
21 19 14 12 
12 14 19 21 
Deleted
12 19 21 
Deleted
100 12 21 
Failed
100 12 21 
==14715== 
==14715== HEAP SUMMARY:
==14715==     in use at exit: 0 bytes in 0 blocks
==14715==   total heap usage: 7 allocs, 7 frees, 16,464 bytes allocated
==14715== 
==14715== All heap blocks were freed -- no leaks are possible
==14715== 
==14715== For lists of detected and suppressed errors, rerun with: -s
==14715== ERROR SUMMARY: 0 errors from 0 contexts (suppressed: 0 from 0)
===================

===================
test7: NO LEAKS
Valgrind output: 
==14720== Memcheck, a memory error detector
==14720== Copyright (C) 2002-2022, and GNU GPL'd, by Julian Seward et al.
==14720== Using Valgrind-3.22.0 and LibVEX; rerun with -h for copyright info
==14720== Command: /home/112401035/cs2013_112401035/lab10/src/1/1
==14720== 
True
Deleted
21 19 12 
Deleted
21 12 
==14720== 
==14720== HEAP SUMMARY:
==14720==     in use at exit: 0 bytes in 0 blocks
==14720==   total heap usage: 6 allocs, 6 frees, 16,448 bytes allocated
==14720== 
==14720== All heap blocks were freed -- no leaks are possible
==14720== 
==14720== For lists of detected and suppressed errors, rerun with: -s
==14720== ERROR SUMMARY: 0 errors from 0 contexts (suppressed: 0 from 0)
===================

===================
test17: NO LEAKS
Valgrind output: 
==14725== Memcheck, a memory error detector
==14725== Copyright (C) 2002-2022, and GNU GPL'd, by Julian Seward et al.
==14725== Using Valgrind-3.22.0 and LibVEX; rerun with -h for copyright info
==14725== Command: /home/112401035/cs2013_112401035/lab10/src/1/1
==14725== 
20 10 30 
False
Deleted
20 30 
==14725== 
==14725== HEAP SUMMARY:
==14725==     in use at exit: 0 bytes in 0 blocks
==14725==   total heap usage: 5 allocs, 5 frees, 16,432 bytes allocated
==14725== 
==14725== All heap blocks were freed -- no leaks are possible
==14725== 
==14725== For lists of detected and suppressed errors, rerun with: -s
==14725== ERROR SUMMARY: 0 errors from 0 contexts (suppressed: 0 from 0)
===================

===================
test14: NO LEAKS
Valgrind output: 
==14730== Memcheck, a memory error detector
==14730== Copyright (C) 2002-2022, and GNU GPL'd, by Julian Seward et al.
==14730== Using Valgrind-3.22.0 and LibVEX; rerun with -h for copyright info
==14730== Command: /home/112401035/cs2013_112401035/lab10/src/1/1
==14730== 
Failed
True
False
60 40 50 
==14730== 
==14730== HEAP SUMMARY:
==14730==     in use at exit: 0 bytes in 0 blocks
==14730==   total heap usage: 5 allocs, 5 frees, 16,432 bytes allocated
==14730== 
==14730== All heap blocks were freed -- no leaks are possible
==14730== 
==14730== For lists of detected and suppressed errors, rerun with: -s
==14730== ERROR SUMMARY: 0 errors from 0 contexts (suppressed: 0 from 0)
===================

===================
test2: NO LEAKS
Valgrind output: 
==14735== Memcheck, a memory error detector
==14735== Copyright (C) 2002-2022, and GNU GPL'd, by Julian Seward et al.
==14735== Using Valgrind-3.22.0 and LibVEX; rerun with -h for copyright info
==14735== Command: /home/112401035/cs2013_112401035/lab10/src/1/1
==14735== 
13 12 
==14735== 
==14735== HEAP SUMMARY:
==14735==     in use at exit: 0 bytes in 0 blocks
==14735==   total heap usage: 4 allocs, 4 frees, 16,416 bytes allocated
==14735== 
==14735== All heap blocks were freed -- no leaks are possible
==14735== 
==14735== For lists of detected and suppressed errors, rerun with: -s
==14735== ERROR SUMMARY: 0 errors from 0 contexts (suppressed: 0 from 0)
===================

===================
test8: NO LEAKS
Valgrind output: 
==14740== Memcheck, a memory error detector
==14740== Copyright (C) 2002-2022, and GNU GPL'd, by Julian Seward et al.
==14740== Using Valgrind-3.22.0 and LibVEX; rerun with -h for copyright info
==14740== Command: /home/112401035/cs2013_112401035/lab10/src/1/1
==14740== 
True
Deleted
21 19 12 
Deleted
100 21 12 
Failed
100 21 12 
==14740== 
==14740== HEAP SUMMARY:
==14740==     in use at exit: 0 bytes in 0 blocks
==14740==   total heap usage: 7 allocs, 7 frees, 16,464 bytes allocated
==14740== 
==14740== All heap blocks were freed -- no leaks are possible
==14740== 
==14740== For lists of detected and suppressed errors, rerun with: -s
==14740== ERROR SUMMARY: 0 errors from 0 contexts (suppressed: 0 from 0)
===================

===================
test13: NO LEAKS
Valgrind output: 
==14745== Memcheck, a memory error detector
==14745== Copyright (C) 2002-2022, and GNU GPL'd, by Julian Seward et al.
==14745== Using Valgrind-3.22.0 and LibVEX; rerun with -h for copyright info
==14745== Command: /home/112401035/cs2013_112401035/lab10/src/1/1
==14745== 
-1
False
Failed
Deleted
-1
==14745== 
==14745== HEAP SUMMARY:
==14745==     in use at exit: 0 bytes in 0 blocks
==14745==   total heap usage: 3 allocs, 3 frees, 16,400 bytes allocated
==14745== 
==14745== All heap blocks were freed -- no leaks are possible
==14745== 
==14745== For lists of detected and suppressed errors, rerun with: -s
==14745== ERROR SUMMARY: 0 errors from 0 contexts (suppressed: 0 from 0)
===================

===================
test11: NO LEAKS
Valgrind output: 
==14750== Memcheck, a memory error detector
==14750== Copyright (C) 2002-2022, and GNU GPL'd, by Julian Seward et al.
==14750== Using Valgrind-3.22.0 and LibVEX; rerun with -h for copyright info
==14750== Command: /home/112401035/cs2013_112401035/lab10/src/1/1
==14750== 
7 
==14750== 
==14750== HEAP SUMMARY:
==14750==     in use at exit: 0 bytes in 0 blocks
==14750==   total heap usage: 3 allocs, 3 frees, 16,400 bytes allocated
==14750== 
==14750== All heap blocks were freed -- no leaks are possible
==14750== 
==14750== For lists of detected and suppressed errors, rerun with: -s
==14750== ERROR SUMMARY: 0 errors from 0 contexts (suppressed: 0 from 0)
===================

===================
test6: NO LEAKS
Valgrind output: 
==14755== Memcheck, a memory error detector
==14755== Copyright (C) 2002-2022, and GNU GPL'd, by Julian Seward et al.
==14755== Using Valgrind-3.22.0 and LibVEX; rerun with -h for copyright info
==14755== Command: /home/112401035/cs2013_112401035/lab10/src/1/1
==14755== 
True
Deleted
21 19 12 
==14755== 
==14755== HEAP SUMMARY:
==14755==     in use at exit: 0 bytes in 0 blocks
==14755==   total heap usage: 6 allocs, 6 frees, 16,448 bytes allocated
==14755== 
==14755== All heap blocks were freed -- no leaks are possible
==14755== 
==14755== For lists of detected and suppressed errors, rerun with: -s
==14755== ERROR SUMMARY: 0 errors from 0 contexts (suppressed: 0 from 0)
===================

===================
test16: NO LEAKS
Valgrind output: 
==14760== Memcheck, a memory error detector
==14760== Copyright (C) 2002-2022, and GNU GPL'd, by Julian Seward et al.
==14760== Using Valgrind-3.22.0 and LibVEX; rerun with -h for copyright info
==14760== Command: /home/112401035/cs2013_112401035/lab10/src/1/1
==14760== 
25 15 5 
Deleted
25 5 
Deleted
25 
Deleted
-1
==14760== 
==14760== HEAP SUMMARY:
==14760==     in use at exit: 0 bytes in 0 blocks
==14760==   total heap usage: 5 allocs, 5 frees, 16,432 bytes allocated
==14760== 
==14760== All heap blocks were freed -- no leaks are possible
==14760== 
==14760== For lists of detected and suppressed errors, rerun with: -s
==14760== ERROR SUMMARY: 0 errors from 0 contexts (suppressed: 0 from 0)
===================

===================
test15: NO LEAKS
Valgrind output: 
==14765== Memcheck, a memory error detector
==14765== Copyright (C) 2002-2022, and GNU GPL'd, by Julian Seward et al.
==14765== Using Valgrind-3.22.0 and LibVEX; rerun with -h for copyright info
==14765== Command: /home/112401035/cs2013_112401035/lab10/src/1/1
==14765== 
20 10 10 
Deleted
True
20 10 
==14765== 
==14765== HEAP SUMMARY:
==14765==     in use at exit: 0 bytes in 0 blocks
==14765==   total heap usage: 5 allocs, 5 frees, 16,432 bytes allocated
==14765== 
==14765== All heap blocks were freed -- no leaks are possible
==14765== 
==14765== For lists of detected and suppressed errors, rerun with: -s
==14765== ERROR SUMMARY: 0 errors from 0 contexts (suppressed: 0 from 0)
===================

===================
test20: NO LEAKS
Valgrind output: 
==14770== Memcheck, a memory error detector
==14770== Copyright (C) 2002-2022, and GNU GPL'd, by Julian Seward et al.
==14770== Using Valgrind-3.22.0 and LibVEX; rerun with -h for copyright info
==14770== Command: /home/112401035/cs2013_112401035/lab10/src/1/1
==14770== 
False
100 20 9 6 
6 9 20 100 
Deleted
True
6 9 20 
==14770== 
==14770== HEAP SUMMARY:
==14770==     in use at exit: 0 bytes in 0 blocks
==14770==   total heap usage: 6 allocs, 6 frees, 16,448 bytes allocated
==14770== 
==14770== All heap blocks were freed -- no leaks are possible
==14770== 
==14770== For lists of detected and suppressed errors, rerun with: -s
==14770== ERROR SUMMARY: 0 errors from 0 contexts (suppressed: 0 from 0)
===================

===================
test1: NO LEAKS
Valgrind output: 
==14775== Memcheck, a memory error detector
==14775== Copyright (C) 2002-2022, and GNU GPL'd, by Julian Seward et al.
==14775== Using Valgrind-3.22.0 and LibVEX; rerun with -h for copyright info
==14775== Command: /home/112401035/cs2013_112401035/lab10/src/1/1
==14775== 
12 
==14775== 
==14775== HEAP SUMMARY:
==14775==     in use at exit: 0 bytes in 0 blocks
==14775==   total heap usage: 3 allocs, 3 frees, 16,400 bytes allocated
==14775== 
==14775== All heap blocks were freed -- no leaks are possible
==14775== 
==14775== For lists of detected and suppressed errors, rerun with: -s
==14775== ERROR SUMMARY: 0 errors from 0 contexts (suppressed: 0 from 0)
===================

===================
test10: NO LEAKS
Valgrind output: 
==14780== Memcheck, a memory error detector
==14780== Copyright (C) 2002-2022, and GNU GPL'd, by Julian Seward et al.
==14780== Using Valgrind-3.22.0 and LibVEX; rerun with -h for copyright info
==14780== Command: /home/112401035/cs2013_112401035/lab10/src/1/1
==14780== 
True
21 19 14 12 
12 14 19 21 
Deleted
21 19 12 
Deleted
100 21 12 
Failed
100 21 12 
==14780== 
==14780== HEAP SUMMARY:
==14780==     in use at exit: 0 bytes in 0 blocks
==14780==   total heap usage: 7 allocs, 7 frees, 16,464 bytes allocated
==14780== 
==14780== All heap blocks were freed -- no leaks are possible
==14780== 
==14780== For lists of detected and suppressed errors, rerun with: -s
==14780== ERROR SUMMARY: 0 errors from 0 contexts (suppressed: 0 from 0)
===================

===================
test4: NO LEAKS
Valgrind output: 
==14785== Memcheck, a memory error detector
==14785== Copyright (C) 2002-2022, and GNU GPL'd, by Julian Seward et al.
==14785== Using Valgrind-3.22.0 and LibVEX; rerun with -h for copyright info
==14785== Command: /home/112401035/cs2013_112401035/lab10/src/1/1
==14785== 
True
21 19 14 12 
==14785== 
==14785== HEAP SUMMARY:
==14785==     in use at exit: 0 bytes in 0 blocks
==14785==   total heap usage: 6 allocs, 6 frees, 16,448 bytes allocated
==14785== 
==14785== All heap blocks were freed -- no leaks are possible
==14785== 
==14785== For lists of detected and suppressed errors, rerun with: -s
==14785== ERROR SUMMARY: 0 errors from 0 contexts (suppressed: 0 from 0)
===================

===================
test3: NO LEAKS
Valgrind output: 
==14790== Memcheck, a memory error detector
==14790== Copyright (C) 2002-2022, and GNU GPL'd, by Julian Seward et al.
==14790== Using Valgrind-3.22.0 and LibVEX; rerun with -h for copyright info
==14790== Command: /home/112401035/cs2013_112401035/lab10/src/1/1
==14790== 
21 19 14 12 
==14790== 
==14790== HEAP SUMMARY:
==14790==     in use at exit: 0 bytes in 0 blocks
==14790==   total heap usage: 6 allocs, 6 frees, 16,448 bytes allocated
==14790== 
==14790== All heap blocks were freed -- no leaks are possible
==14790== 
==14790== For lists of detected and suppressed errors, rerun with: -s
==14790== ERROR SUMMARY: 0 errors from 0 contexts (suppressed: 0 from 0)
===================

++++++++++++++++++++++
TESTS_WITH_NO_LEAK: 20
TESTS_SHOWING_LEAK: 0
++++++++++++++++++++++

